2021-03-11 12:00:31,283 -basicLogger -INFO -Retrieving OrderFood at index 0
2021-03-11 12:00:31,369 -basicLogger -ERROR -no message found
2021-03-11 12:00:31,369 -basicLogger -ERROR -could not find OrderFood at index 0
2021-03-11 12:00:59,663 -basicLogger -INFO -Retrieving OrderFood at index 0
2021-03-11 12:00:59,747 -basicLogger -ERROR -no message found
2021-03-11 12:00:59,748 -basicLogger -ERROR -could not find OrderFood at index 0
2021-03-11 12:05:03,641 -basicLogger -INFO -Retrieving OrderFood at index 2
2021-03-11 12:05:03,726 -basicLogger -ERROR -no message found
2021-03-11 12:05:03,726 -basicLogger -ERROR -could not find OrderFood at index 2
2021-03-11 12:05:29,830 -basicLogger -INFO -Retrieving OrderFood at index 0
2021-03-11 12:05:29,915 -basicLogger -ERROR -no message found
2021-03-11 12:05:29,915 -basicLogger -ERROR -could not find OrderFood at index 0
2021-03-11 12:07:26,779 -basicLogger -INFO -Retrieving OrderFood at index 0
2021-03-11 12:07:26,864 -basicLogger -ERROR -no message found
2021-03-11 12:07:26,864 -basicLogger -ERROR -could not find OrderFood at index 0
2021-03-11 12:10:41,400 -basicLogger -INFO -Retrieving OrderFood at index 1
2021-03-11 12:10:42,488 -basicLogger -ERROR -no message found
2021-03-11 12:10:42,488 -basicLogger -ERROR -could not find OrderFood at index 1
2021-03-11 12:11:01,501 -basicLogger -INFO -Retrieving OrderFood at index 0
2021-03-11 12:11:01,588 -basicLogger -ERROR -no message found
2021-03-11 12:11:01,588 -basicLogger -ERROR -could not find OrderFood at index 0
2021-03-11 12:11:30,472 -basicLogger -INFO -Retrieving BookRide at index 0
2021-03-11 12:11:30,557 -basicLogger -ERROR -no message found
2021-03-11 12:11:30,558 -basicLogger -ERROR -could not find BookRide at index 0
2021-03-11 12:12:11,737 -basicLogger -INFO -Retrieving BookRide at index 0
2021-03-11 12:12:11,827 -basicLogger -ERROR -no message found
2021-03-11 12:12:11,827 -basicLogger -ERROR -could not find BookRide at index 0
2021-03-11 12:14:19,341 -basicLogger -INFO -Retrieving BookRide at index 0
2021-03-11 12:14:19,427 -basicLogger -ERROR -no message found
2021-03-11 12:14:19,427 -basicLogger -ERROR -could not find BookRide at index 0
2021-03-11 12:16:46,685 -basicLogger -INFO -Retrieving BookRide at index 0
2021-03-11 12:16:46,771 -basicLogger -ERROR -no message found
2021-03-11 12:16:46,771 -basicLogger -ERROR -could not find BookRide at index 0
2021-03-11 12:17:07,482 -basicLogger -INFO -Retrieving BookRide at index 0
2021-03-11 12:21:47,180 -basicLogger -INFO -Retrieving OrderFood at index 1
2021-03-11 12:21:48,276 -basicLogger -ERROR -no message found
2021-03-11 12:21:48,276 -basicLogger -ERROR -could not find OrderFood at index 1
2021-03-11 12:27:48,397 -basicLogger -INFO -Retrieving OrderFood at index 1
2021-03-11 12:27:49,491 -basicLogger -ERROR -no message found
2021-03-11 12:27:49,491 -basicLogger -ERROR -could not find OrderFood at index 1
2021-03-11 12:28:14,524 -basicLogger -INFO -Retrieving BookRide at index 0
2021-03-11 12:30:43,902 -basicLogger -INFO -Retrieving BookRide at index 0
2021-03-11 12:30:51,816 -basicLogger -INFO -Retrieving OrderFood at index 1
2021-03-11 12:30:52,922 -basicLogger -ERROR -no message found
2021-03-11 12:30:52,922 -basicLogger -ERROR -could not find OrderFood at index 1
2021-03-11 12:32:05,544 -basicLogger -INFO -Retrieving OrderFood at index 1
2021-03-11 12:32:06,651 -basicLogger -ERROR -no message found
2021-03-11 12:32:06,651 -basicLogger -ERROR -could not find OrderFood at index 1
2021-03-11 12:32:58,898 -basicLogger -INFO -Retrieving OrderFood at index 0
2021-03-11 12:43:18,030 -basicLogger -INFO -Retrieving BookRide at index 0
2021-03-11 12:43:31,638 -basicLogger -INFO -Retrieving BookRide at index 25
2021-03-11 12:43:41,198 -basicLogger -INFO -Retrieving BookRide at index 40
2021-03-11 12:43:42,404 -basicLogger -ERROR -no message found
2021-03-11 12:43:42,404 -basicLogger -ERROR -could not find BookRide at index 40
2021-03-11 12:43:54,182 -basicLogger -INFO -Retrieving OrderFood at index 25
2021-03-11 12:43:55,370 -basicLogger -ERROR -no message found
2021-03-11 12:43:55,370 -basicLogger -ERROR -could not find OrderFood at index 25
2021-03-11 12:44:02,638 -basicLogger -INFO -Retrieving OrderFood at index 40
2021-03-11 12:44:03,878 -basicLogger -ERROR -no message found
2021-03-11 12:44:03,878 -basicLogger -ERROR -could not find OrderFood at index 40
2021-03-11 12:44:12,257 -basicLogger -INFO -Retrieving OrderFood at index 20
2021-03-11 12:44:13,455 -basicLogger -ERROR -no message found
2021-03-11 12:44:13,455 -basicLogger -ERROR -could not find OrderFood at index 20
2021-03-11 12:44:21,749 -basicLogger -INFO -Retrieving OrderFood at index 10
2021-03-11 12:44:22,941 -basicLogger -ERROR -no message found
2021-03-11 12:44:22,941 -basicLogger -ERROR -could not find OrderFood at index 10
2021-03-11 12:45:33,776 -basicLogger -INFO -Retrieving OrderFood at index 0
2021-03-11 12:45:42,292 -basicLogger -INFO -Retrieving OrderFood at index 5
2021-03-11 12:45:43,521 -basicLogger -ERROR -no message found
2021-03-11 12:45:43,521 -basicLogger -ERROR -could not find OrderFood at index 5
2021-03-11 12:46:54,806 -basicLogger -INFO -Retrieving OrderFood at index 10
2021-03-19 11:34:29,074 -basicLogger -INFO -Retrieving OrderFood at index 10
2021-03-19 11:34:30,188 -basicLogger -ERROR -no message found
2021-03-19 11:34:30,188 -basicLogger -ERROR -could not find OrderFood at index 10
